<?xml version="1.0" encoding="UTF-8"?>
<!-- Generated by org.testng.reporters.JUnitXMLReporter -->
<testsuite ignored="0" hostname="VEER" failures="0" tests="24" name="TestOnChrome" time="2339.362" errors="0" timestamp="2024-08-07T07:18:59 IST">
  <testcase classname="resources.LaunchnQuit" name="@BeforeMethod launch" time="183.306">
    <failure type="org.openqa.selenium.TimeoutException" message="java.util.concurrent.TimeoutException
Build info: version: &amp;apos;4.21.0&amp;apos;, revision: &amp;apos;79ed462ef4&amp;apos;
System info: os.name: &amp;apos;Windows 10&amp;apos;, os.arch: &amp;apos;amd64&amp;apos;, os.version: &amp;apos;10.0&amp;apos;, java.version: &amp;apos;17.0.10&amp;apos;
Driver info: org.openqa.selenium.chrome.ChromeDriver
Command: [a656c53e8dc75ae39dd3e21840488b5b, get {url=https://www.amazon.in/}]
Capabilities {acceptInsecureCerts: false, browserName: chrome, browserVersion: 127.0.6533.89, chrome: {chromedriverVersion: 127.0.6533.99 (f31af5097d90..., userDataDir: C:\Users\admin\AppData\Loca...}, fedcm:accounts: true, goog:chromeOptions: {debuggerAddress: localhost:62011}, networkConnectionEnabled: false, pageLoadStrategy: normal, platformName: windows, proxy: Proxy(), se:cdp: ws://localhost:62011/devtoo..., se:cdpVersion: 127.0.6533.89, setWindowRect: true, strictFileInteractability: false, timeouts: {implicit: 0, pageLoad: 300000, script: 30000}, unhandledPromptBehavior: dismiss and notify, webauthn:extension:credBlob: true, webauthn:extension:largeBlob: true, webauthn:extension:minPinLength: true, webauthn:extension:prf: true, webauthn:virtualAuthenticators: true}
Session ID: a656c53e8dc75ae39dd3e21840488b5b">
      <![CDATA[org.openqa.selenium.TimeoutException: java.util.concurrent.TimeoutException
Build info: version: '4.21.0', revision: '79ed462ef4'
System info: os.name: 'Windows 10', os.arch: 'amd64', os.version: '10.0', java.version: '17.0.10'
Driver info: org.openqa.selenium.chrome.ChromeDriver
Command: [a656c53e8dc75ae39dd3e21840488b5b, get {url=https://www.amazon.in/}]
Capabilities {acceptInsecureCerts: false, browserName: chrome, browserVersion: 127.0.6533.89, chrome: {chromedriverVersion: 127.0.6533.99 (f31af5097d90..., userDataDir: C:\Users\admin\AppData\Loca...}, fedcm:accounts: true, goog:chromeOptions: {debuggerAddress: localhost:62011}, networkConnectionEnabled: false, pageLoadStrategy: normal, platformName: windows, proxy: Proxy(), se:cdp: ws://localhost:62011/devtoo..., se:cdpVersion: 127.0.6533.89, setWindowRect: true, strictFileInteractability: false, timeouts: {implicit: 0, pageLoad: 300000, script: 30000}, unhandledPromptBehavior: dismiss and notify, webauthn:extension:credBlob: true, webauthn:extension:largeBlob: true, webauthn:extension:minPinLength: true, webauthn:extension:prf: true, webauthn:virtualAuthenticators: true}
Session ID: a656c53e8dc75ae39dd3e21840488b5b
at org.openqa.selenium.remote.http.jdk.JdkHttpClient.execute0(JdkHttpClient.java:399)
at org.openqa.selenium.remote.http.AddSeleniumUserAgent.lambda$apply$0(AddSeleniumUserAgent.java:42)
at org.openqa.selenium.remote.http.Filter.lambda$andFinally$1(Filter.java:55)
at org.openqa.selenium.remote.http.jdk.JdkHttpClient.execute(JdkHttpClient.java:355)
at org.openqa.selenium.remote.HttpCommandExecutor.execute(HttpCommandExecutor.java:187)
at org.openqa.selenium.remote.service.DriverCommandExecutor.invokeExecute(DriverCommandExecutor.java:216)
at org.openqa.selenium.remote.service.DriverCommandExecutor.execute(DriverCommandExecutor.java:174)
at org.openqa.selenium.remote.RemoteWebDriver.execute(RemoteWebDriver.java:518)
at org.openqa.selenium.remote.RemoteWebDriver.get(RemoteWebDriver.java:300)
at resources.LaunchnQuit.launch(LaunchnQuit.java:41)
at java.base/java.util.ArrayList.forEach(ArrayList.java:1511)
at java.base/java.util.concurrent.FutureTask.run(FutureTask.java:264)
at java.base/java.util.concurrent.ThreadPoolExecutor.runWorker(ThreadPoolExecutor.java:1136)
at java.base/java.util.concurrent.ThreadPoolExecutor$Worker.run(ThreadPoolExecutor.java:635)
at java.base/java.lang.Thread.run(Thread.java:840)
Caused by: java.util.concurrent.TimeoutException
at java.base/java.util.concurrent.CompletableFuture.timedGet(CompletableFuture.java:1960)
at java.base/java.util.concurrent.CompletableFuture.get(CompletableFuture.java:2095)
at org.openqa.selenium.remote.http.jdk.JdkHttpClient.execute0(JdkHttpClient.java:382)
... 36 more
... Removed 22 stack frames]]>
    </failure>
  </testcase> <!-- @BeforeMethod launch -->
  <testcase classname="resources.LaunchnQuit" name="@AfterMethod quit" time="-1.722993452583E9">
    <skipped/>
  </testcase> <!-- @AfterMethod quit -->
  <testcase classname="Project1_Amazon.final_Project.TestCase01" name="register_on_Amazon" time="49.746">
    <skipped/>
  </testcase> <!-- register_on_Amazon -->
  <testcase classname="Project1_Amazon.final_Project.TestCase01" name="register_on_Amazon" time="22.655"/>
  <testcase classname="Project1_Amazon.final_Project.TestCase02" name="login_to_amazon" time="57.9"/>
  <testcase classname="Project1_Amazon.final_Project.TestCase03" name="login_to_amazon_usingInvalidCredentials" time="0.0">
    <skipped/>
  </testcase> <!-- login_to_amazon_usingInvalidCredentials -->
  <testcase classname="Project1_Amazon.final_Project.TestCase04" name="edit_profile" time="58.12">
    <skipped/>
  </testcase> <!-- edit_profile -->
  <testcase classname="Project1_Amazon.final_Project.TestCase04" name="edit_profile" time="53.906">
    <skipped/>
  </testcase> <!-- edit_profile -->
  <testcase classname="Project1_Amazon.final_Project.TestCase04" name="edit_profile" time="67.749">
    <skipped/>
  </testcase> <!-- edit_profile -->
  <testcase classname="Project1_Amazon.final_Project.TestCase04" name="edit_profile" time="68.794"/>
  <testcase classname="Project1_Amazon.final_Project.TestCase05" name="searching_product" time="90.534"/>
  <testcase classname="Project1_Amazon.final_Project.TestCase06" name="searchingWithFilters" time="28.125"/>
  <testcase classname="Project1_Amazon.final_Project.TestCase07" name="productDetsils" time="26.982"/>
  <testcase classname="Project1_Amazon.final_Project.TestCase08" name="searching_bySort" time="71.715"/>
  <testcase classname="Project1_Amazon.final_Project.TestCase09" name="addTOCart" time="101.717"/>
  <testcase classname="Project1_Amazon.final_Project.TestCase10" name="updateCartQuantity" time="54.572">
    <skipped/>
  </testcase> <!-- updateCartQuantity -->
  <testcase classname="Project1_Amazon.final_Project.TestCase10" name="updateCartQuantity" time="4.738">
    <skipped/>
  </testcase> <!-- updateCartQuantity -->
  <testcase classname="Project1_Amazon.final_Project.TestCase10" name="updateCartQuantity" time="51.157"/>
  <testcase classname="Project1_Amazon.final_Project.TestCase11" name="checkOut" time="73.35"/>
  <testcase classname="Project1_Amazon.final_Project.TestCase12" name="payment" time="11.057">
    <skipped/>
  </testcase> <!-- payment -->
  <testcase classname="Project1_Amazon.final_Project.TestCase12" name="payment" time="65.02"/>
  <testcase classname="Project1_Amazon.final_Project.TestCase13" name="applyCoupon" time="82.524">
    <skipped/>
  </testcase> <!-- applyCoupon -->
  <testcase classname="Project1_Amazon.final_Project.TestCase13" name="applyCoupon" time="71.88">
    <skipped/>
  </testcase> <!-- applyCoupon -->
  <testcase classname="Project1_Amazon.final_Project.TestCase13" name="applyCoupon" time="95.172"/>
  <testcase classname="Project1_Amazon.final_Project.TestCase14" name="rating" time="13.406"/>
  <testcase classname="Project1_Amazon.final_Project.TestCase15" name="productDetsils" time="23.188"/>
</testsuite> <!-- TestOnChrome -->
